<?xml version="1.0" encoding="UTF-8"?>
<coverage generated="1526318720544" clover="3.2.0">
  <project timestamp="1526318720545" name="All files">
    <metrics statements="49" coveredstatements="8" conditionals="20" coveredconditionals="0" methods="16" coveredmethods="2" elements="85" coveredelements="10" complexity="0" loc="49" ncloc="49" packages="6" files="6" classes="6">
      <package name="src">
        <metrics statements="4" coveredstatements="0" conditionals="0" coveredconditionals="0" methods="2" coveredmethods="0"/>
        <file name="index.js" path="/home/marcobz/NEO/my-dapp/src/index.js">
          <metrics statements="4" coveredstatements="0" conditionals="0" coveredconditionals="0" methods="2" coveredmethods="0"/>
          <line num="1" count="0" type="stmt"/>
          <line num="3" count="0" type="stmt"/>
          <line num="4" count="0" type="stmt"/>
          <line num="5" count="0" type="stmt"/>
        </file>
      </package>
      <package name="src.components.Header">
        <metrics statements="4" coveredstatements="4" conditionals="0" coveredconditionals="0" methods="1" coveredmethods="1"/>
        <file name="index.jsx" path="/home/marcobz/NEO/my-dapp/src/components/Header/index.jsx">
          <metrics statements="4" coveredstatements="4" conditionals="0" coveredconditionals="0" methods="1" coveredmethods="1"/>
          <line num="7" count="1" type="stmt"/>
          <line num="19" count="1" type="stmt"/>
          <line num="20" count="3" type="stmt"/>
          <line num="26" count="1" type="stmt"/>
        </file>
      </package>
      <package name="src.components.NOSActions">
        <metrics statements="25" coveredstatements="0" conditionals="20" coveredconditionals="0" methods="8" coveredmethods="0"/>
        <file name="index.jsx" path="/home/marcobz/NEO/my-dapp/src/components/NOSActions/index.jsx">
          <metrics statements="25" coveredstatements="0" conditionals="20" coveredconditionals="0" methods="8" coveredmethods="0"/>
          <line num="1" count="0" type="stmt"/>
          <line num="2" count="0" type="stmt"/>
          <line num="3" count="0" type="stmt"/>
          <line num="4" count="0" type="stmt"/>
          <line num="6" count="0" type="stmt"/>
          <line num="8" count="0" type="stmt"/>
          <line num="16" count="0" type="cond" truecount="0" falsecount="4"/>
          <line num="18" count="0" type="stmt"/>
          <line num="24" count="0" type="cond" truecount="0" falsecount="4"/>
          <line num="26" count="0" type="cond" truecount="0" falsecount="4"/>
          <line num="29" count="0" type="cond" truecount="0" falsecount="4"/>
          <line num="32" count="0" type="cond" truecount="0" falsecount="4"/>
          <line num="35" count="0" type="stmt"/>
          <line num="36" count="0" type="stmt"/>
          <line num="39" count="0" type="stmt"/>
          <line num="44" count="0" type="stmt"/>
          <line num="45" count="0" type="stmt"/>
          <line num="46" count="0" type="stmt"/>
          <line num="49" count="0" type="stmt"/>
          <line num="50" count="0" type="stmt"/>
          <line num="52" count="0" type="stmt"/>
          <line num="57" count="0" type="stmt"/>
          <line num="79" count="0" type="stmt"/>
          <line num="93" count="0" type="stmt"/>
          <line num="102" count="0" type="stmt"/>
        </file>
      </package>
      <package name="src.components.SpinningLogo">
        <metrics statements="4" coveredstatements="4" conditionals="0" coveredconditionals="0" methods="1" coveredmethods="1"/>
        <file name="index.jsx" path="/home/marcobz/NEO/my-dapp/src/components/SpinningLogo/index.jsx">
          <metrics statements="4" coveredstatements="4" conditionals="0" coveredconditionals="0" methods="1" coveredmethods="1"/>
          <line num="7" count="2" type="stmt"/>
          <line num="24" count="2" type="stmt"/>
          <line num="25" count="4" type="stmt"/>
          <line num="30" count="2" type="stmt"/>
        </file>
      </package>
      <package name="src.nos">
        <metrics statements="4" coveredstatements="0" conditionals="0" coveredconditionals="0" methods="3" coveredmethods="0"/>
        <file name="index.jsx" path="/home/marcobz/NEO/my-dapp/src/nos/index.jsx">
          <metrics statements="4" coveredstatements="0" conditionals="0" coveredconditionals="0" methods="3" coveredmethods="0"/>
          <line num="1" count="0" type="stmt"/>
          <line num="2" count="0" type="stmt"/>
          <line num="6" count="0" type="stmt"/>
          <line num="7" count="0" type="stmt"/>
        </file>
      </package>
      <package name="src.views.App">
        <metrics statements="8" coveredstatements="0" conditionals="0" coveredconditionals="0" methods="1" coveredmethods="0"/>
        <file name="index.jsx" path="/home/marcobz/NEO/my-dapp/src/views/App/index.jsx">
          <metrics statements="8" coveredstatements="0" conditionals="0" coveredconditionals="0" methods="1" coveredmethods="0"/>
          <line num="1" count="0" type="stmt"/>
          <line num="2" count="0" type="stmt"/>
          <line num="3" count="0" type="stmt"/>
          <line num="5" count="0" type="stmt"/>
          <line num="6" count="0" type="stmt"/>
          <line num="8" count="0" type="stmt"/>
          <line num="29" count="0" type="stmt"/>
          <line num="41" count="0" type="stmt"/>
        </file>
      </package>
    </metrics>
  </project>
</coverage>
